# JRE version: OpenJDK Runtime Environment Temurin-21.0.6+7 (21.0.6+7) (build 21.0.6+7-LTS)
# Java VM: OpenJDK 64-Bit Server VM Temurin-21.0.6+7 (21.0.6+7-LTS, mixed mode, sharing, tiered, compressed oops, compressed class ptrs, parallel gc, windows-amd64)
GC Precious Log:
 CardTable entry size: 512
 CPUs: 4 total, 4 available
 Memory: 12247M
 Large Page Support: Disabled
 NUMA Support: Disabled
 Compressed Oops: Enabled (32-bit)
 Alignments: Space 512K, Generation 512K, Heap 2M
 Heap Min Capacity: 100M
 Heap Initial Capacity: 100M
 Heap Max Capacity: 1G
 Pre-touch: Disabled
 Parallel Workers: 4
Heap:
 PSYoungGen      total 20480K, used 17038K [0x00000000eab00000, 0x00000000ec300000, 0x0000000100000000)
  eden space 19456K, 82% used [0x00000000eab00000,0x00000000ebaa9cd8,0x00000000ebe00000)
  from space 1024K, 97% used [0x00000000ec080000,0x00000000ec179ea0,0x00000000ec180000)
  to   space 2560K, 0% used [0x00000000ebe00000,0x00000000ebe00000,0x00000000ec080000)
 ParOldGen       total 68608K, used 31558K [0x00000000c0000000, 0x00000000c4300000, 0x00000000eab00000)
  object space 68608K, 45% used [0x00000000c0000000,0x00000000c1ed1960,0x00000000c4300000)
 Metaspace       used 43364K, committed 44416K, reserved 1114112K
  class space    used 4227K, committed 4672K, reserved 1048576K
GC Heap History (20 events):
Event: 32.710 GC heap before
{Heap before GC invocations=15 (full 1):
 PSYoungGen      total 24576K, used 24452K [0x00000000eab00000, 0x00000000ec580000, 0x0000000100000000)
  eden space 22016K, 100% used [0x00000000eab00000,0x00000000ec080000,0x00000000ec080000)
  from space 2560K, 95% used [0x00000000ec100000,0x00000000ec361000,0x00000000ec380000)
  to   space 2048K, 0% used [0x00000000ec380000,0x00000000ec380000,0x00000000ec580000)
 ParOldGen       total 68608K, used 21733K [0x00000000c0000000, 0x00000000c4300000, 0x00000000eab00000)
  object space 68608K, 31% used [0x00000000c0000000,0x00000000c1539748,0x00000000c4300000)
 Metaspace       used 31988K, committed 32896K, reserved 1114112K
  class space    used 3117K, committed 3520K, reserved 1048576K
}
Event: 32.719 GC heap after
{Heap after GC invocations=15 (full 1):
 PSYoungGen      total 21504K, used 2048K [0x00000000eab00000, 0x00000000ecb80000, 0x0000000100000000)
  eden space 19456K, 0% used [0x00000000eab00000,0x00000000eab00000,0x00000000ebe00000)
  from space 2048K, 100% used [0x00000000ec380000,0x00000000ec580000,0x00000000ec580000)
  to   space 5632K, 0% used [0x00000000ebe00000,0x00000000ebe00000,0x00000000ec380000)
 ParOldGen       total 68608K, used 24459K [0x00000000c0000000, 0x00000000c4300000, 0x00000000eab00000)
  object space 68608K, 35% used [0x00000000c0000000,0x00000000c17e2d80,0x00000000c4300000)
 Metaspace       used 31988K, committed 32896K, reserved 1114112K
  class space    used 3117K, committed 3520K, reserved 1048576K
}
Event: 33.375 GC heap before
{Heap before GC invocations=16 (full 1):
 PSYoungGen      total 21504K, used 21504K [0x00000000eab00000, 0x00000000ecb80000, 0x0000000100000000)
  eden space 19456K, 100% used [0x00000000eab00000,0x00000000ebe00000,0x00000000ebe00000)
  from space 2048K, 100% used [0x00000000ec380000,0x00000000ec580000,0x00000000ec580000)
  to   space 5632K, 0% used [0x00000000ebe00000,0x00000000ebe00000,0x00000000ec380000)
 ParOldGen       total 68608K, used 24459K [0x00000000c0000000, 0x00000000c4300000, 0x00000000eab00000)
  object space 68608K, 35% used [0x00000000c0000000,0x00000000c17e2d80,0x00000000c4300000)
 Metaspace       used 32496K, committed 33344K, reserved 1114112K
  class space    used 3183K, committed 3584K, reserved 1048576K
}
Event: 33.381 GC heap after
{Heap after GC invocations=16 (full 1):
 PSYoungGen      total 21504K, used 1784K [0x00000000eab00000, 0x00000000ec400000, 0x0000000100000000)
  eden space 19456K, 0% used [0x00000000eab00000,0x00000000eab00000,0x00000000ebe00000)
  from space 2048K, 87% used [0x00000000ebe00000,0x00000000ebfbe200,0x00000000ec000000)
  to   space 3072K, 0% used [0x00000000ec100000,0x00000000ec100000,0x00000000ec400000)
 ParOldGen       total 68608K, used 26491K [0x00000000c0000000, 0x00000000c4300000, 0x00000000eab00000)
  object space 68608K, 38% used [0x00000000c0000000,0x00000000c19ded80,0x00000000c4300000)
 Metaspace       used 32496K, committed 33344K, reserved 1114112K
  class space    used 3183K, committed 3584K, reserved 1048576K
}
Event: 35.043 GC heap before
{Heap before GC invocations=17 (full 1):
 PSYoungGen      total 21504K, used 21240K [0x00000000eab00000, 0x00000000ec400000, 0x0000000100000000)
  eden space 19456K, 100% used [0x00000000eab00000,0x00000000ebe00000,0x00000000ebe00000)
  from space 2048K, 87% used [0x00000000ebe00000,0x00000000ebfbe200,0x00000000ec000000)
  to   space 3072K, 0% used [0x00000000ec100000,0x00000000ec100000,0x00000000ec400000)
 ParOldGen       total 68608K, used 26491K [0x00000000c0000000, 0x00000000c4300000, 0x00000000eab00000)
  object space 68608K, 38% used [0x00000000c0000000,0x00000000c19ded80,0x00000000c4300000)
 Metaspace       used 34500K, committed 35328K, reserved 1114112K
  class space    used 3407K, committed 3776K, reserved 1048576K
}
Event: 35.046 GC heap after
{Heap after GC invocations=17 (full 1):
 PSYoungGen      total 20480K, used 564K [0x00000000eab00000, 0x00000000ec200000, 0x0000000100000000)
  eden space 19456K, 0% used [0x00000000eab00000,0x00000000eab00000,0x00000000ebe00000)
  from space 1024K, 55% used [0x00000000ec100000,0x00000000ec18d3c8,0x00000000ec200000)
  to   space 1536K, 0% used [0x00000000ebf00000,0x00000000ebf00000,0x00000000ec080000)
 ParOldGen       total 68608K, used 28204K [0x00000000c0000000, 0x00000000c4300000, 0x00000000eab00000)
  object space 68608K, 41% used [0x00000000c0000000,0x00000000c1b8b258,0x00000000c4300000)
 Metaspace       used 34500K, committed 35328K, reserved 1114112K
  class space    used 3407K, committed 3776K, reserved 1048576K
}
Event: 35.695 GC heap before
{Heap before GC invocations=18 (full 1):
 PSYoungGen      total 20480K, used 7046K [0x00000000eab00000, 0x00000000ec200000, 0x0000000100000000)
  eden space 19456K, 33% used [0x00000000eab00000,0x00000000eb1546f8,0x00000000ebe00000)
  from space 1024K, 55% used [0x00000000ec100000,0x00000000ec18d3c8,0x00000000ec200000)
  to   space 1536K, 0% used [0x00000000ebf00000,0x00000000ebf00000,0x00000000ec080000)
 ParOldGen       total 68608K, used 28204K [0x00000000c0000000, 0x00000000c4300000, 0x00000000eab00000)
  object space 68608K, 41% used [0x00000000c0000000,0x00000000c1b8b258,0x00000000c4300000)
 Metaspace       used 34983K, committed 35840K, reserved 1114112K
  class space    used 3439K, committed 3840K, reserved 1048576K
}
Event: 35.696 GC heap after
{Heap after GC invocations=18 (full 1):
 PSYoungGen      total 20992K, used 256K [0x00000000eab00000, 0x00000000ec180000, 0x0000000100000000)
  eden space 19456K, 0% used [0x00000000eab00000,0x00000000eab00000,0x00000000ebe00000)
  from space 1536K, 16% used [0x00000000ebf00000,0x00000000ebf40010,0x00000000ec080000)
  to   space 512K, 0% used [0x00000000ec100000,0x00000000ec100000,0x00000000ec180000)
 ParOldGen       total 68608K, used 28705K [0x00000000c0000000, 0x00000000c4300000, 0x00000000eab00000)
  object space 68608K, 41% used [0x00000000c0000000,0x00000000c1c084b8,0x00000000c4300000)
 Metaspace       used 34983K, committed 35840K, reserved 1114112K
  class space    used 3439K, committed 3840K, reserved 1048576K
}
Event: 35.696 GC heap before
{Heap before GC invocations=19 (full 2):
 PSYoungGen      total 20992K, used 256K [0x00000000eab00000, 0x00000000ec180000, 0x0000000100000000)
  eden space 19456K, 0% used [0x00000000eab00000,0x00000000eab00000,0x00000000ebe00000)
  from space 1536K, 16% used [0x00000000ebf00000,0x00000000ebf40010,0x00000000ec080000)
  to   space 512K, 0% used [0x00000000ec100000,0x00000000ec100000,0x00000000ec180000)
 ParOldGen       total 68608K, used 28705K [0x00000000c0000000, 0x00000000c4300000, 0x00000000eab00000)
  object space 68608K, 41% used [0x00000000c0000000,0x00000000c1c084b8,0x00000000c4300000)
 Metaspace       used 34983K, committed 35840K, reserved 1114112K
  class space    used 3439K, committed 3840K, reserved 1048576K
}
Event: 35.787 GC heap after
{Heap after GC invocations=19 (full 2):
 PSYoungGen      total 20992K, used 0K [0x00000000eab00000, 0x00000000ec180000, 0x0000000100000000)
  eden space 19456K, 0% used [0x00000000eab00000,0x00000000eab00000,0x00000000ebe00000)
  from space 1536K, 0% used [0x00000000ebf00000,0x00000000ebf00000,0x00000000ec080000)
  to   space 512K, 0% used [0x00000000ec100000,0x00000000ec100000,0x00000000ec180000)
 ParOldGen       total 68608K, used 28064K [0x00000000c0000000, 0x00000000c4300000, 0x00000000eab00000)
  object space 68608K, 40% used [0x00000000c0000000,0x00000000c1b68368,0x00000000c4300000)
 Metaspace       used 34973K, committed 35840K, reserved 1114112K
  class space    used 3436K, committed 3840K, reserved 1048576K
}
Event: 37.105 GC heap before
{Heap before GC invocations=20 (full 2):
 PSYoungGen      total 20992K, used 19456K [0x00000000eab00000, 0x00000000ec180000, 0x0000000100000000)
  eden space 19456K, 100% used [0x00000000eab00000,0x00000000ebe00000,0x00000000ebe00000)
  from space 1536K, 0% used [0x00000000ebf00000,0x00000000ebf00000,0x00000000ec080000)
  to   space 512K, 0% used [0x00000000ec100000,0x00000000ec100000,0x00000000ec180000)
 ParOldGen       total 68608K, used 28064K [0x00000000c0000000, 0x00000000c4300000, 0x00000000eab00000)
  object space 68608K, 40% used [0x00000000c0000000,0x00000000c1b68368,0x00000000c4300000)
 Metaspace       used 36852K, committed 37696K, reserved 1114112K
  class space    used 3615K, committed 4032K, reserved 1048576K
}
Event: 37.107 GC heap after
{Heap after GC invocations=20 (full 2):
 PSYoungGen      total 19968K, used 448K [0x00000000eab00000, 0x00000000ec180000, 0x0000000100000000)
  eden space 19456K, 0% used [0x00000000eab00000,0x00000000eab00000,0x00000000ebe00000)
  from space 512K, 87% used [0x00000000ec100000,0x00000000ec170000,0x00000000ec180000)
  to   space 512K, 0% used [0x00000000ec080000,0x00000000ec080000,0x00000000ec100000)
 ParOldGen       total 68608K, used 28072K [0x00000000c0000000, 0x00000000c4300000, 0x00000000eab00000)
  object space 68608K, 40% used [0x00000000c0000000,0x00000000c1b6a368,0x00000000c4300000)
 Metaspace       used 36852K, committed 37696K, reserved 1114112K
  class space    used 3615K, committed 4032K, reserved 1048576K
}
Event: 41.221 GC heap before
{Heap before GC invocations=21 (full 2):
 PSYoungGen      total 19968K, used 19904K [0x00000000eab00000, 0x00000000ec180000, 0x0000000100000000)
  eden space 19456K, 100% used [0x00000000eab00000,0x00000000ebe00000,0x00000000ebe00000)
  from space 512K, 87% used [0x00000000ec100000,0x00000000ec170000,0x00000000ec180000)
  to   space 512K, 0% used [0x00000000ec080000,0x00000000ec080000,0x00000000ec100000)
 ParOldGen       total 68608K, used 28072K [0x00000000c0000000, 0x00000000c4300000, 0x00000000eab00000)
  object space 68608K, 40% used [0x00000000c0000000,0x00000000c1b6a368,0x00000000c4300000)
 Metaspace       used 38303K, committed 39232K, reserved 1114112K
  class space    used 3750K, committed 4160K, reserved 1048576K
}
Event: 41.224 GC heap after
{Heap after GC invocations=21 (full 2):
 PSYoungGen      total 19968K, used 512K [0x00000000eab00000, 0x00000000ec400000, 0x0000000100000000)
  eden space 19456K, 0% used [0x00000000eab00000,0x00000000eab00000,0x00000000ebe00000)
  from space 512K, 100% used [0x00000000ec080000,0x00000000ec100000,0x00000000ec100000)
  to   space 3072K, 0% used [0x00000000ec100000,0x00000000ec100000,0x00000000ec400000)
 ParOldGen       total 68608K, used 29851K [0x00000000c0000000, 0x00000000c4300000, 0x00000000eab00000)
  object space 68608K, 43% used [0x00000000c0000000,0x00000000c1d26c58,0x00000000c4300000)
 Metaspace       used 38303K, committed 39232K, reserved 1114112K
  class space    used 3750K, committed 4160K, reserved 1048576K
}
Event: 41.723 GC heap before
{Heap before GC invocations=22 (full 2):
 PSYoungGen      total 19968K, used 19968K [0x00000000eab00000, 0x00000000ec400000, 0x0000000100000000)
  eden space 19456K, 100% used [0x00000000eab00000,0x00000000ebe00000,0x00000000ebe00000)
  from space 512K, 100% used [0x00000000ec080000,0x00000000ec100000,0x00000000ec100000)
  to   space 3072K, 0% used [0x00000000ec100000,0x00000000ec100000,0x00000000ec400000)
 ParOldGen       total 68608K, used 29851K [0x00000000c0000000, 0x00000000c4300000, 0x00000000eab00000)
  object space 68608K, 43% used [0x00000000c0000000,0x00000000c1d26c58,0x00000000c4300000)
 Metaspace       used 38411K, committed 39296K, reserved 1114112K
  class space    used 3759K, committed 4160K, reserved 1048576K
}
Event: 41.724 GC heap after
{Heap after GC invocations=22 (full 2):
 PSYoungGen      total 20480K, used 897K [0x00000000eab00000, 0x00000000ec200000, 0x0000000100000000)
  eden space 19456K, 0% used [0x00000000eab00000,0x00000000eab00000,0x00000000ebe00000)
  from space 1024K, 87% used [0x00000000ec100000,0x00000000ec1e0678,0x00000000ec200000)
  to   space 1536K, 0% used [0x00000000ebf00000,0x00000000ebf00000,0x00000000ec080000)
 ParOldGen       total 68608K, used 30356K [0x00000000c0000000, 0x00000000c4300000, 0x00000000eab00000)
  object space 68608K, 44% used [0x00000000c0000000,0x00000000c1da5270,0x00000000c4300000)
 Metaspace       used 38411K, committed 39296K, reserved 1114112K
  class space    used 3759K, committed 4160K, reserved 1048576K
}
Event: 43.029 GC heap before
{Heap before GC invocations=23 (full 2):
 PSYoungGen      total 20480K, used 20353K [0x00000000eab00000, 0x00000000ec200000, 0x0000000100000000)
  eden space 19456K, 100% used [0x00000000eab00000,0x00000000ebe00000,0x00000000ebe00000)
  from space 1024K, 87% used [0x00000000ec100000,0x00000000ec1e0678,0x00000000ec200000)
  to   space 1536K, 0% used [0x00000000ebf00000,0x00000000ebf00000,0x00000000ec080000)
 ParOldGen       total 68608K, used 30356K [0x00000000c0000000, 0x00000000c4300000, 0x00000000eab00000)
  object space 68608K, 44% used [0x00000000c0000000,0x00000000c1da5270,0x00000000c4300000)
 Metaspace       used 40341K, committed 41280K, reserved 1114112K
  class space    used 3946K, committed 4352K, reserved 1048576K
}
Event: 43.032 GC heap after
{Heap after GC invocations=23 (full 2):
 PSYoungGen      total 20992K, used 736K [0x00000000eab00000, 0x00000000ec180000, 0x0000000100000000)
  eden space 19456K, 0% used [0x00000000eab00000,0x00000000eab00000,0x00000000ebe00000)
  from space 1536K, 47% used [0x00000000ebf00000,0x00000000ebfb8000,0x00000000ec080000)
  to   space 1024K, 0% used [0x00000000ec080000,0x00000000ec080000,0x00000000ec180000)
 ParOldGen       total 68608K, used 30644K [0x00000000c0000000, 0x00000000c4300000, 0x00000000eab00000)
  object space 68608K, 44% used [0x00000000c0000000,0x00000000c1ded270,0x00000000c4300000)
 Metaspace       used 40341K, committed 41280K, reserved 1114112K
  class space    used 3946K, committed 4352K, reserved 1048576K
}
Event: 44.041 GC heap before
{Heap before GC invocations=24 (full 2):
 PSYoungGen      total 20992K, used 20192K [0x00000000eab00000, 0x00000000ec180000, 0x0000000100000000)
  eden space 19456K, 100% used [0x00000000eab00000,0x00000000ebe00000,0x00000000ebe00000)
  from space 1536K, 47% used [0x00000000ebf00000,0x00000000ebfb8000,0x00000000ec080000)
  to   space 1024K, 0% used [0x00000000ec080000,0x00000000ec080000,0x00000000ec180000)
 ParOldGen       total 68608K, used 30644K [0x00000000c0000000, 0x00000000c4300000, 0x00000000eab00000)
  object space 68608K, 44% used [0x00000000c0000000,0x00000000c1ded270,0x00000000c4300000)
 Metaspace       used 42596K, committed 43584K, reserved 1114112K
  class space    used 4163K, committed 4608K, reserved 1048576K
}
Event: 44.044 GC heap after
{Heap after GC invocations=24 (full 2):
 PSYoungGen      total 20480K, used 999K [0x00000000eab00000, 0x00000000ec300000, 0x0000000100000000)
  eden space 19456K, 0% used [0x00000000eab00000,0x00000000eab00000,0x00000000ebe00000)
  from space 1024K, 97% used [0x00000000ec080000,0x00000000ec179ea0,0x00000000ec180000)
  to   space 2560K, 0% used [0x00000000ebe00000,0x00000000ebe00000,0x00000000ec080000)
 ParOldGen       total 68608K, used 31558K [0x00000000c0000000, 0x00000000c4300000, 0x00000000eab00000)
  object space 68608K, 45% used [0x00000000c0000000,0x00000000c1ed1960,0x00000000c4300000)
 Metaspace       used 42596K, committed 43584K, reserved 1114112K
  class space    used 4163K, committed 4608K, reserved 1048576K
}

