# JRE version: OpenJDK Runtime Environment Temurin-21.0.6+7 (21.0.6+7) (build 21.0.6+7-LTS)
# Java VM: OpenJDK 64-Bit Server VM Temurin-21.0.6+7 (21.0.6+7-LTS, mixed mode, sharing, tiered, compressed oops, compressed class ptrs, parallel gc, windows-amd64)
GC Precious Log:
 CardTable entry size: 512
 CPUs: 4 total, 4 available
 Memory: 12247M
 Large Page Support: Disabled
 NUMA Support: Disabled
 Compressed Oops: Enabled (32-bit)
 Alignments: Space 512K, Generation 512K, Heap 2M
 Heap Min Capacity: 100M
 Heap Initial Capacity: 100M
 Heap Max Capacity: 1G
 Pre-touch: Disabled
 Parallel Workers: 4
Heap:
 PSYoungGen      total 6656K, used 2352K [0x00000000eab00000, 0x00000000eb700000, 0x0000000100000000)
  eden space 6144K, 35% used [0x00000000eab00000,0x00000000ead241e8,0x00000000eb100000)
  from space 512K, 31% used [0x00000000eb680000,0x00000000eb6a8000,0x00000000eb700000)
  to   space 512K, 0% used [0x00000000eb600000,0x00000000eb600000,0x00000000eb680000)
 ParOldGen       total 287232K, used 286997K [0x00000000c0000000, 0x00000000d1880000, 0x00000000eab00000)
  object space 287232K, 99% used [0x00000000c0000000,0x00000000d1845648,0x00000000d1880000)
 Metaspace       used 73023K, committed 74624K, reserved 1179648K
  class space    used 7374K, committed 8064K, reserved 1048576K
GC Heap History (20 events):
Event: 75.862 GC heap before
{Heap before GC invocations=1292 (full 5):
 PSYoungGen      total 6656K, used 6368K [0x00000000eab00000, 0x00000000eb400000, 0x0000000100000000)
  eden space 4096K, 100% used [0x00000000eab00000,0x00000000eaf00000,0x00000000eaf00000)
  from space 2560K, 88% used [0x00000000eb180000,0x00000000eb3b8000,0x00000000eb400000)
  to   space 2560K, 0% used [0x00000000eaf00000,0x00000000eaf00000,0x00000000eb180000)
 ParOldGen       total 270848K, used 270702K [0x00000000c0000000, 0x00000000d0880000, 0x00000000eab00000)
  object space 270848K, 99% used [0x00000000c0000000,0x00000000d085ba30,0x00000000d0880000)
 Metaspace       used 69740K, committed 71296K, reserved 1114112K
  class space    used 6933K, committed 7616K, reserved 1048576K
}
Event: 75.869 GC heap after
{Heap after GC invocations=1292 (full 5):
 PSYoungGen      total 6656K, used 2560K [0x00000000eab00000, 0x00000000ebc00000, 0x0000000100000000)
  eden space 4096K, 0% used [0x00000000eab00000,0x00000000eab00000,0x00000000eaf00000)
  from space 2560K, 100% used [0x00000000eaf00000,0x00000000eb180000,0x00000000eb180000)
  to   space 6144K, 0% used [0x00000000eb600000,0x00000000eb600000,0x00000000ebc00000)
 ParOldGen       total 273408K, used 273350K [0x00000000c0000000, 0x00000000d0b00000, 0x00000000eab00000)
  object space 273408K, 99% used [0x00000000c0000000,0x00000000d0af1a30,0x00000000d0b00000)
 Metaspace       used 69740K, committed 71296K, reserved 1114112K
  class space    used 6933K, committed 7616K, reserved 1048576K
}
Event: 75.883 GC heap before
{Heap before GC invocations=1293 (full 5):
 PSYoungGen      total 6656K, used 6656K [0x00000000eab00000, 0x00000000ebc00000, 0x0000000100000000)
  eden space 4096K, 100% used [0x00000000eab00000,0x00000000eaf00000,0x00000000eaf00000)
  from space 2560K, 100% used [0x00000000eaf00000,0x00000000eb180000,0x00000000eb180000)
  to   space 6144K, 0% used [0x00000000eb600000,0x00000000eb600000,0x00000000ebc00000)
 ParOldGen       total 273408K, used 273350K [0x00000000c0000000, 0x00000000d0b00000, 0x00000000eab00000)
  object space 273408K, 99% used [0x00000000c0000000,0x00000000d0af1a30,0x00000000d0b00000)
 Metaspace       used 69740K, committed 71296K, reserved 1114112K
  class space    used 6933K, committed 7616K, reserved 1048576K
}
Event: 75.889 GC heap after
{Heap after GC invocations=1293 (full 5):
 PSYoungGen      total 7680K, used 2496K [0x00000000eab00000, 0x00000000eb880000, 0x0000000100000000)
  eden space 5120K, 0% used [0x00000000eab00000,0x00000000eab00000,0x00000000eb000000)
  from space 2560K, 97% used [0x00000000eb600000,0x00000000eb870000,0x00000000eb880000)
  to   space 3584K, 0% used [0x00000000eb180000,0x00000000eb180000,0x00000000eb500000)
 ParOldGen       total 275968K, used 275910K [0x00000000c0000000, 0x00000000d0d80000, 0x00000000eab00000)
  object space 275968K, 99% used [0x00000000c0000000,0x00000000d0d71a30,0x00000000d0d80000)
 Metaspace       used 69740K, committed 71296K, reserved 1114112K
  class space    used 6933K, committed 7616K, reserved 1048576K
}
Event: 75.919 GC heap before
{Heap before GC invocations=1294 (full 5):
 PSYoungGen      total 7680K, used 7616K [0x00000000eab00000, 0x00000000eb880000, 0x0000000100000000)
  eden space 5120K, 100% used [0x00000000eab00000,0x00000000eb000000,0x00000000eb000000)
  from space 2560K, 97% used [0x00000000eb600000,0x00000000eb870000,0x00000000eb880000)
  to   space 3584K, 0% used [0x00000000eb180000,0x00000000eb180000,0x00000000eb500000)
 ParOldGen       total 275968K, used 275910K [0x00000000c0000000, 0x00000000d0d80000, 0x00000000eab00000)
  object space 275968K, 99% used [0x00000000c0000000,0x00000000d0d71a30,0x00000000d0d80000)
 Metaspace       used 69742K, committed 71296K, reserved 1114112K
  class space    used 6933K, committed 7616K, reserved 1048576K
}
Event: 75.925 GC heap after
{Heap after GC invocations=1294 (full 5):
 PSYoungGen      total 9728K, used 3584K [0x00000000eab00000, 0x00000000ebf00000, 0x0000000100000000)
  eden space 6144K, 0% used [0x00000000eab00000,0x00000000eab00000,0x00000000eb100000)
  from space 3584K, 100% used [0x00000000eb180000,0x00000000eb500000,0x00000000eb500000)
  to   space 7168K, 0% used [0x00000000eb800000,0x00000000eb800000,0x00000000ebf00000)
 ParOldGen       total 279040K, used 278606K [0x00000000c0000000, 0x00000000d1080000, 0x00000000eab00000)
  object space 279040K, 99% used [0x00000000c0000000,0x00000000d1013a30,0x00000000d1080000)
 Metaspace       used 69742K, committed 71296K, reserved 1114112K
  class space    used 6933K, committed 7616K, reserved 1048576K
}
Event: 79.013 GC heap before
{Heap before GC invocations=1295 (full 5):
 PSYoungGen      total 9728K, used 9728K [0x00000000eab00000, 0x00000000ebf00000, 0x0000000100000000)
  eden space 6144K, 100% used [0x00000000eab00000,0x00000000eb100000,0x00000000eb100000)
  from space 3584K, 100% used [0x00000000eb180000,0x00000000eb500000,0x00000000eb500000)
  to   space 7168K, 0% used [0x00000000eb800000,0x00000000eb800000,0x00000000ebf00000)
 ParOldGen       total 279040K, used 278606K [0x00000000c0000000, 0x00000000d1080000, 0x00000000eab00000)
  object space 279040K, 99% used [0x00000000c0000000,0x00000000d1013a30,0x00000000d1080000)
 Metaspace       used 69776K, committed 71424K, reserved 1114112K
  class space    used 6940K, committed 7680K, reserved 1048576K
}
Event: 79.021 GC heap after
{Heap after GC invocations=1295 (full 5):
 PSYoungGen      total 10752K, used 4160K [0x00000000eab00000, 0x00000000ebc80000, 0x0000000100000000)
  eden space 6144K, 0% used [0x00000000eab00000,0x00000000eab00000,0x00000000eb100000)
  from space 4608K, 90% used [0x00000000eb800000,0x00000000ebc10000,0x00000000ebc80000)
  to   space 5120K, 0% used [0x00000000eb280000,0x00000000eb280000,0x00000000eb780000)
 ParOldGen       total 282624K, used 282222K [0x00000000c0000000, 0x00000000d1400000, 0x00000000eab00000)
  object space 282624K, 99% used [0x00000000c0000000,0x00000000d139ba30,0x00000000d1400000)
 Metaspace       used 69776K, committed 71424K, reserved 1114112K
  class space    used 6940K, committed 7680K, reserved 1048576K
}
Event: 79.239 GC heap before
{Heap before GC invocations=1296 (full 5):
 PSYoungGen      total 10752K, used 10290K [0x00000000eab00000, 0x00000000ebc80000, 0x0000000100000000)
  eden space 6144K, 99% used [0x00000000eab00000,0x00000000eb0fcac8,0x00000000eb100000)
  from space 4608K, 90% used [0x00000000eb800000,0x00000000ebc10000,0x00000000ebc80000)
  to   space 5120K, 0% used [0x00000000eb280000,0x00000000eb280000,0x00000000eb780000)
 ParOldGen       total 282624K, used 282222K [0x00000000c0000000, 0x00000000d1400000, 0x00000000eab00000)
  object space 282624K, 99% used [0x00000000c0000000,0x00000000d139ba30,0x00000000d1400000)
 Metaspace       used 70094K, committed 71744K, reserved 1114112K
  class space    used 6975K, committed 7680K, reserved 1048576K
}
Event: 79.245 GC heap after
{Heap after GC invocations=1296 (full 5):
 PSYoungGen      total 6656K, used 288K [0x00000000eab00000, 0x00000000eb880000, 0x0000000100000000)
  eden space 6144K, 0% used [0x00000000eab00000,0x00000000eab00000,0x00000000eb100000)
  from space 512K, 56% used [0x00000000eb280000,0x00000000eb2c8000,0x00000000eb300000)
  to   space 2048K, 0% used [0x00000000eb680000,0x00000000eb680000,0x00000000eb880000)
 ParOldGen       total 286720K, used 286350K [0x00000000c0000000, 0x00000000d1800000, 0x00000000eab00000)
  object space 286720K, 99% used [0x00000000c0000000,0x00000000d17a3a30,0x00000000d1800000)
 Metaspace       used 70094K, committed 71744K, reserved 1114112K
  class space    used 6975K, committed 7680K, reserved 1048576K
}
Event: 79.332 GC heap before
{Heap before GC invocations=1297 (full 5):
 PSYoungGen      total 6656K, used 6432K [0x00000000eab00000, 0x00000000eb880000, 0x0000000100000000)
  eden space 6144K, 100% used [0x00000000eab00000,0x00000000eb100000,0x00000000eb100000)
  from space 512K, 56% used [0x00000000eb280000,0x00000000eb2c8000,0x00000000eb300000)
  to   space 2048K, 0% used [0x00000000eb680000,0x00000000eb680000,0x00000000eb880000)
 ParOldGen       total 286720K, used 286350K [0x00000000c0000000, 0x00000000d1800000, 0x00000000eab00000)
  object space 286720K, 99% used [0x00000000c0000000,0x00000000d17a3a30,0x00000000d1800000)
 Metaspace       used 70096K, committed 71744K, reserved 1114112K
  class space    used 6975K, committed 7680K, reserved 1048576K
}
Event: 79.333 GC heap after
{Heap after GC invocations=1297 (full 5):
 PSYoungGen      total 6656K, used 446K [0x00000000eab00000, 0x00000000eb700000, 0x0000000100000000)
  eden space 6144K, 0% used [0x00000000eab00000,0x00000000eab00000,0x00000000eb100000)
  from space 512K, 87% used [0x00000000eb680000,0x00000000eb6efa80,0x00000000eb700000)
  to   space 1024K, 0% used [0x00000000eb500000,0x00000000eb500000,0x00000000eb600000)
 ParOldGen       total 286720K, used 286534K [0x00000000c0000000, 0x00000000d1800000, 0x00000000eab00000)
  object space 286720K, 99% used [0x00000000c0000000,0x00000000d17d1a30,0x00000000d1800000)
 Metaspace       used 70096K, committed 71744K, reserved 1114112K
  class space    used 6975K, committed 7680K, reserved 1048576K
}
Event: 79.566 GC heap before
{Heap before GC invocations=1298 (full 5):
 PSYoungGen      total 6656K, used 6577K [0x00000000eab00000, 0x00000000eb700000, 0x0000000100000000)
  eden space 6144K, 99% used [0x00000000eab00000,0x00000000eb0fc9d8,0x00000000eb100000)
  from space 512K, 87% used [0x00000000eb680000,0x00000000eb6efa80,0x00000000eb700000)
  to   space 1024K, 0% used [0x00000000eb500000,0x00000000eb500000,0x00000000eb600000)
 ParOldGen       total 286720K, used 286534K [0x00000000c0000000, 0x00000000d1800000, 0x00000000eab00000)
  object space 286720K, 99% used [0x00000000c0000000,0x00000000d17d1a30,0x00000000d1800000)
 Metaspace       used 70699K, committed 72256K, reserved 1114112K
  class space    used 7038K, committed 7744K, reserved 1048576K
}
Event: 79.567 GC heap after
{Heap after GC invocations=1298 (full 5):
 PSYoungGen      total 7168K, used 241K [0x00000000eab00000, 0x00000000eb700000, 0x0000000100000000)
  eden space 6144K, 0% used [0x00000000eab00000,0x00000000eab00000,0x00000000eb100000)
  from space 1024K, 23% used [0x00000000eb500000,0x00000000eb53c5b0,0x00000000eb600000)
  to   space 512K, 0% used [0x00000000eb680000,0x00000000eb680000,0x00000000eb700000)
 ParOldGen       total 286720K, used 286558K [0x00000000c0000000, 0x00000000d1800000, 0x00000000eab00000)
  object space 286720K, 99% used [0x00000000c0000000,0x00000000d17d7a30,0x00000000d1800000)
 Metaspace       used 70699K, committed 72256K, reserved 1114112K
  class space    used 7038K, committed 7744K, reserved 1048576K
}
Event: 79.610 GC heap before
{Heap before GC invocations=1299 (full 5):
 PSYoungGen      total 7168K, used 6385K [0x00000000eab00000, 0x00000000eb700000, 0x0000000100000000)
  eden space 6144K, 100% used [0x00000000eab00000,0x00000000eb100000,0x00000000eb100000)
  from space 1024K, 23% used [0x00000000eb500000,0x00000000eb53c5b0,0x00000000eb600000)
  to   space 512K, 0% used [0x00000000eb680000,0x00000000eb680000,0x00000000eb700000)
 ParOldGen       total 286720K, used 286558K [0x00000000c0000000, 0x00000000d1800000, 0x00000000eab00000)
  object space 286720K, 99% used [0x00000000c0000000,0x00000000d17d7a30,0x00000000d1800000)
 Metaspace       used 71478K, committed 73024K, reserved 1114112K
  class space    used 7117K, committed 7808K, reserved 1048576K
}
Event: 79.611 GC heap after
{Heap after GC invocations=1299 (full 5):
 PSYoungGen      total 6656K, used 224K [0x00000000eab00000, 0x00000000eb700000, 0x0000000100000000)
  eden space 6144K, 0% used [0x00000000eab00000,0x00000000eab00000,0x00000000eb100000)
  from space 512K, 43% used [0x00000000eb680000,0x00000000eb6b8020,0x00000000eb700000)
  to   space 512K, 0% used [0x00000000eb600000,0x00000000eb600000,0x00000000eb680000)
 ParOldGen       total 287232K, used 286749K [0x00000000c0000000, 0x00000000d1880000, 0x00000000eab00000)
  object space 287232K, 99% used [0x00000000c0000000,0x00000000d18075f8,0x00000000d1880000)
 Metaspace       used 71478K, committed 73024K, reserved 1114112K
  class space    used 7117K, committed 7808K, reserved 1048576K
}
Event: 79.658 GC heap before
{Heap before GC invocations=1300 (full 5):
 PSYoungGen      total 6656K, used 6368K [0x00000000eab00000, 0x00000000eb700000, 0x0000000100000000)
  eden space 6144K, 100% used [0x00000000eab00000,0x00000000eb100000,0x00000000eb100000)
  from space 512K, 43% used [0x00000000eb680000,0x00000000eb6b8020,0x00000000eb700000)
  to   space 512K, 0% used [0x00000000eb600000,0x00000000eb600000,0x00000000eb680000)
 ParOldGen       total 287232K, used 286749K [0x00000000c0000000, 0x00000000d1880000, 0x00000000eab00000)
  object space 287232K, 99% used [0x00000000c0000000,0x00000000d18075f8,0x00000000d1880000)
 Metaspace       used 72100K, committed 73664K, reserved 1179648K
  class space    used 7230K, committed 7936K, reserved 1048576K
}
Event: 79.659 GC heap after
{Heap after GC invocations=1300 (full 5):
 PSYoungGen      total 6656K, used 208K [0x00000000eab00000, 0x00000000eb700000, 0x0000000100000000)
  eden space 6144K, 0% used [0x00000000eab00000,0x00000000eab00000,0x00000000eb100000)
  from space 512K, 40% used [0x00000000eb600000,0x00000000eb634010,0x00000000eb680000)
  to   space 512K, 0% used [0x00000000eb680000,0x00000000eb680000,0x00000000eb700000)
 ParOldGen       total 287232K, used 286877K [0x00000000c0000000, 0x00000000d1880000, 0x00000000eab00000)
  object space 287232K, 99% used [0x00000000c0000000,0x00000000d1827618,0x00000000d1880000)
 Metaspace       used 72100K, committed 73664K, reserved 1179648K
  class space    used 7230K, committed 7936K, reserved 1048576K
}
Event: 79.712 GC heap before
{Heap before GC invocations=1301 (full 5):
 PSYoungGen      total 6656K, used 6352K [0x00000000eab00000, 0x00000000eb700000, 0x0000000100000000)
  eden space 6144K, 100% used [0x00000000eab00000,0x00000000eb100000,0x00000000eb100000)
  from space 512K, 40% used [0x00000000eb600000,0x00000000eb634010,0x00000000eb680000)
  to   space 512K, 0% used [0x00000000eb680000,0x00000000eb680000,0x00000000eb700000)
 ParOldGen       total 287232K, used 286877K [0x00000000c0000000, 0x00000000d1880000, 0x00000000eab00000)
  object space 287232K, 99% used [0x00000000c0000000,0x00000000d1827618,0x00000000d1880000)
 Metaspace       used 72770K, committed 74368K, reserved 1179648K
  class space    used 7338K, committed 8064K, reserved 1048576K
}
Event: 79.713 GC heap after
{Heap after GC invocations=1301 (full 5):
 PSYoungGen      total 6656K, used 160K [0x00000000eab00000, 0x00000000eb700000, 0x0000000100000000)
  eden space 6144K, 0% used [0x00000000eab00000,0x00000000eab00000,0x00000000eb100000)
  from space 512K, 31% used [0x00000000eb680000,0x00000000eb6a8000,0x00000000eb700000)
  to   space 512K, 0% used [0x00000000eb600000,0x00000000eb600000,0x00000000eb680000)
 ParOldGen       total 287232K, used 286997K [0x00000000c0000000, 0x00000000d1880000, 0x00000000eab00000)
  object space 287232K, 99% used [0x00000000c0000000,0x00000000d1845648,0x00000000d1880000)
 Metaspace       used 72770K, committed 74368K, reserved 1179648K
  class space    used 7338K, committed 8064K, reserved 1048576K
}

