# JRE version: OpenJDK Runtime Environment Temurin-21.0.6+7 (21.0.6+7) (build 21.0.6+7-LTS)
# Java VM: OpenJDK 64-Bit Server VM Temurin-21.0.6+7 (21.0.6+7-LTS, mixed mode, sharing, tiered, compressed oops, compressed class ptrs, g1 gc, windows-amd64)
GC Precious Log:
 CardTable entry size: 512
 Card Set container configuration: InlinePtr #cards 4 size 8 Array Of Cards #cards 16 size 48 Howl #buckets 8 coarsen threshold 3686 Howl Bitmap #cards 512 size 80 coarsen threshold 460 Card regions per heap region 1 cards per card region 4096
 CPUs: 4 total, 4 available
 Memory: 12247M
 Large Page Support: Disabled
 NUMA Support: Disabled
 Compressed Oops: Enabled (Zero based)
 Heap Region Size: 2M
 Heap Min Capacity: 8M
 Heap Initial Capacity: 192M
 Heap Max Capacity: 3062M
 Pre-touch: Disabled
 Parallel Workers: 4
 Concurrent Workers: 1
 Concurrent Refinement Workers: 4
 Periodic GC: Disabled
Heap:
 garbage-first heap   total 196608K, used 44583K [0x0000000740a00000, 0x0000000800000000)
  region size 2048K, 21 young (43008K), 2 survivors (4096K)
 Metaspace       used 19267K, committed 19584K, reserved 1114112K
  class space    used 2304K, committed 2496K, reserved 1048576K
GC Heap History (6 events):
Event: 1.345 GC heap before
{Heap before GC invocations=0 (full 0):
 garbage-first heap   total 196608K, used 12288K [0x0000000740a00000, 0x0000000800000000)
  region size 2048K, 6 young (12288K), 0 survivors (0K)
 Metaspace       used 2663K, committed 2816K, reserved 1114112K
  class space    used 253K, committed 320K, reserved 1048576K
}
Event: 1.357 GC heap after
{Heap after GC invocations=1 (full 0):
 garbage-first heap   total 196608K, used 6430K [0x0000000740a00000, 0x0000000800000000)
  region size 2048K, 1 young (2048K), 1 survivors (2048K)
 Metaspace       used 2663K, committed 2816K, reserved 1114112K
  class space    used 253K, committed 320K, reserved 1048576K
}
Event: 1.804 GC heap before
{Heap before GC invocations=1 (full 0):
 garbage-first heap   total 196608K, used 12574K [0x0000000740a00000, 0x0000000800000000)
  region size 2048K, 5 young (10240K), 1 survivors (2048K)
 Metaspace       used 5295K, committed 5504K, reserved 1114112K
  class space    used 597K, committed 704K, reserved 1048576K
}
Event: 1.809 GC heap after
{Heap after GC invocations=2 (full 0):
 garbage-first heap   total 196608K, used 7154K [0x0000000740a00000, 0x0000000800000000)
  region size 2048K, 1 young (2048K), 1 survivors (2048K)
 Metaspace       used 5295K, committed 5504K, reserved 1114112K
  class space    used 597K, committed 704K, reserved 1048576K
}
Event: 4.487 GC heap before
{Heap before GC invocations=2 (full 0):
 garbage-first heap   total 196608K, used 31730K [0x0000000740a00000, 0x0000000800000000)
  region size 2048K, 14 young (28672K), 1 survivors (2048K)
 Metaspace       used 12900K, committed 13120K, reserved 1114112K
  class space    used 1512K, committed 1600K, reserved 1048576K
}
Event: 4.494 GC heap after
{Heap after GC invocations=3 (full 0):
 garbage-first heap   total 196608K, used 9767K [0x0000000740a00000, 0x0000000800000000)
  region size 2048K, 2 young (4096K), 2 survivors (4096K)
 Metaspace       used 12900K, committed 13120K, reserved 1114112K
  class space    used 1512K, committed 1600K, reserved 1048576K
}

