# JRE version: OpenJDK Runtime Environment Temurin-21.0.6+7 (21.0.6+7) (build 21.0.6+7-LTS)
# Java VM: OpenJDK 64-Bit Server VM Temurin-21.0.6+7 (21.0.6+7-LTS, mixed mode, sharing, tiered, compressed oops, compressed class ptrs, g1 gc, windows-amd64)
GC Precious Log:
 CardTable entry size: 512
 Card Set container configuration: InlinePtr #cards 4 size 8 Array Of Cards #cards 16 size 48 Howl #buckets 8 coarsen threshold 3686 Howl Bitmap #cards 512 size 80 coarsen threshold 460 Card regions per heap region 1 cards per card region 4096
 CPUs: 4 total, 4 available
 Memory: 12247M
 Large Page Support: Disabled
 NUMA Support: Disabled
 Compressed Oops: Enabled (Zero based)
 Heap Region Size: 2M
 Heap Min Capacity: 8M
 Heap Initial Capacity: 192M
 Heap Max Capacity: 3062M
 Pre-touch: Disabled
 Parallel Workers: 4
 Concurrent Workers: 1
 Concurrent Refinement Workers: 4
 Periodic GC: Disabled
Heap:
 garbage-first heap   total 67584K, used 42895K [0x0000000740a00000, 0x0000000800000000)
  region size 2048K, 6 young (12288K), 2 survivors (4096K)
 Metaspace       used 72651K, committed 73408K, reserved 1114112K
  class space    used 10006K, committed 10368K, reserved 1048576K
GC Heap History (20 events):
Event: 10.542 GC heap before
{Heap before GC invocations=12 (full 0):
 garbage-first heap   total 55296K, used 44314K [0x0000000740a00000, 0x0000000800000000)
  region size 2048K, 12 young (24576K), 2 survivors (4096K)
 Metaspace       used 54031K, committed 54656K, reserved 1114112K
  class space    used 7199K, committed 7488K, reserved 1048576K
}
Event: 10.551 GC heap after
{Heap after GC invocations=13 (full 0):
 garbage-first heap   total 55296K, used 24869K [0x0000000740a00000, 0x0000000800000000)
  region size 2048K, 2 young (4096K), 2 survivors (4096K)
 Metaspace       used 54031K, committed 54656K, reserved 1114112K
  class space    used 7199K, committed 7488K, reserved 1048576K
}
Event: 11.290 GC heap before
{Heap before GC invocations=13 (full 0):
 garbage-first heap   total 55296K, used 45349K [0x0000000740a00000, 0x0000000800000000)
  region size 2048K, 12 young (24576K), 2 survivors (4096K)
 Metaspace       used 58721K, committed 59456K, reserved 1114112K
  class space    used 7879K, committed 8192K, reserved 1048576K
}
Event: 11.298 GC heap after
{Heap after GC invocations=14 (full 0):
 garbage-first heap   total 55296K, used 25797K [0x0000000740a00000, 0x0000000800000000)
  region size 2048K, 1 young (2048K), 1 survivors (2048K)
 Metaspace       used 58721K, committed 59456K, reserved 1114112K
  class space    used 7879K, committed 8192K, reserved 1048576K
}
Event: 11.453 GC heap before
{Heap before GC invocations=14 (full 0):
 garbage-first heap   total 55296K, used 27845K [0x0000000740a00000, 0x0000000800000000)
  region size 2048K, 3 young (6144K), 1 survivors (2048K)
 Metaspace       used 59457K, committed 60096K, reserved 1114112K
  class space    used 7958K, committed 8256K, reserved 1048576K
}
Event: 11.460 GC heap after
{Heap after GC invocations=15 (full 0):
 garbage-first heap   total 55296K, used 26202K [0x0000000740a00000, 0x0000000800000000)
  region size 2048K, 2 young (4096K), 2 survivors (4096K)
 Metaspace       used 59457K, committed 60096K, reserved 1114112K
  class space    used 7958K, committed 8256K, reserved 1048576K
}
Event: 12.149 GC heap before
{Heap before GC invocations=16 (full 0):
 garbage-first heap   total 55296K, used 44634K [0x0000000740a00000, 0x0000000800000000)
  region size 2048K, 11 young (22528K), 2 survivors (4096K)
 Metaspace       used 62305K, committed 62976K, reserved 1114112K
  class space    used 8507K, committed 8832K, reserved 1048576K
}
Event: 12.158 GC heap after
{Heap after GC invocations=17 (full 0):
 garbage-first heap   total 55296K, used 27579K [0x0000000740a00000, 0x0000000800000000)
  region size 2048K, 2 young (4096K), 2 survivors (4096K)
 Metaspace       used 62305K, committed 62976K, reserved 1114112K
  class space    used 8507K, committed 8832K, reserved 1048576K
}
Event: 12.565 GC heap before
{Heap before GC invocations=17 (full 0):
 garbage-first heap   total 55296K, used 41915K [0x0000000740a00000, 0x0000000800000000)
  region size 2048K, 10 young (20480K), 2 survivors (4096K)
 Metaspace       used 64069K, committed 64832K, reserved 1114112K
  class space    used 8867K, committed 9216K, reserved 1048576K
}
Event: 12.577 GC heap after
{Heap after GC invocations=18 (full 0):
 garbage-first heap   total 67584K, used 28668K [0x0000000740a00000, 0x0000000800000000)
  region size 2048K, 2 young (4096K), 2 survivors (4096K)
 Metaspace       used 64069K, committed 64832K, reserved 1114112K
  class space    used 8867K, committed 9216K, reserved 1048576K
}
Event: 13.646 GC heap before
{Heap before GC invocations=18 (full 0):
 garbage-first heap   total 67584K, used 53244K [0x0000000740a00000, 0x0000000800000000)
  region size 2048K, 15 young (30720K), 2 survivors (4096K)
 Metaspace       used 66734K, committed 67392K, reserved 1114112K
  class space    used 9227K, committed 9536K, reserved 1048576K
}
Event: 13.656 GC heap after
{Heap after GC invocations=19 (full 0):
 garbage-first heap   total 67584K, used 31635K [0x0000000740a00000, 0x0000000800000000)
  region size 2048K, 2 young (4096K), 2 survivors (4096K)
 Metaspace       used 66734K, committed 67392K, reserved 1114112K
  class space    used 9227K, committed 9536K, reserved 1048576K
}
Event: 14.025 GC heap before
{Heap before GC invocations=19 (full 0):
 garbage-first heap   total 67584K, used 56211K [0x0000000740a00000, 0x0000000800000000)
  region size 2048K, 14 young (28672K), 2 survivors (4096K)
 Metaspace       used 67076K, committed 67776K, reserved 1114112K
  class space    used 9291K, committed 9600K, reserved 1048576K
}
Event: 14.032 GC heap after
{Heap after GC invocations=20 (full 0):
 garbage-first heap   total 67584K, used 33099K [0x0000000740a00000, 0x0000000800000000)
  region size 2048K, 1 young (2048K), 1 survivors (2048K)
 Metaspace       used 67076K, committed 67776K, reserved 1114112K
  class space    used 9291K, committed 9600K, reserved 1048576K
}
Event: 14.523 GC heap before
{Heap before GC invocations=20 (full 0):
 garbage-first heap   total 67584K, used 57675K [0x0000000740a00000, 0x0000000800000000)
  region size 2048K, 13 young (26624K), 1 survivors (2048K)
 Metaspace       used 67764K, committed 68416K, reserved 1114112K
  class space    used 9360K, committed 9664K, reserved 1048576K
}
Event: 14.525 GC heap after
{Heap after GC invocations=21 (full 0):
 garbage-first heap   total 67584K, used 33777K [0x0000000740a00000, 0x0000000800000000)
  region size 2048K, 2 young (4096K), 2 survivors (4096K)
 Metaspace       used 67764K, committed 68416K, reserved 1114112K
  class space    used 9360K, committed 9664K, reserved 1048576K
}
Event: 16.142 GC heap before
{Heap before GC invocations=22 (full 0):
 garbage-first heap   total 67584K, used 54257K [0x0000000740a00000, 0x0000000800000000)
  region size 2048K, 12 young (24576K), 2 survivors (4096K)
 Metaspace       used 70216K, committed 70976K, reserved 1114112K
  class space    used 9687K, committed 10048K, reserved 1048576K
}
Event: 16.149 GC heap after
{Heap after GC invocations=23 (full 0):
 garbage-first heap   total 67584K, used 35328K [0x0000000740a00000, 0x0000000800000000)
  region size 2048K, 2 young (4096K), 2 survivors (4096K)
 Metaspace       used 70216K, committed 70976K, reserved 1114112K
  class space    used 9687K, committed 10048K, reserved 1048576K
}
Event: 18.334 GC heap before
{Heap before GC invocations=23 (full 0):
 garbage-first heap   total 67584K, used 55808K [0x0000000740a00000, 0x0000000800000000)
  region size 2048K, 12 young (24576K), 2 survivors (4096K)
 Metaspace       used 71558K, committed 72320K, reserved 1114112K
  class space    used 9893K, committed 10240K, reserved 1048576K
}
Event: 18.344 GC heap after
{Heap after GC invocations=24 (full 0):
 garbage-first heap   total 67584K, used 36751K [0x0000000740a00000, 0x0000000800000000)
  region size 2048K, 2 young (4096K), 2 survivors (4096K)
 Metaspace       used 71558K, committed 72320K, reserved 1114112K
  class space    used 9893K, committed 10240K, reserved 1048576K
}

