# JRE version: OpenJDK Runtime Environment Temurin-21.0.6+7 (21.0.6+7) (build 21.0.6+7-LTS)
# Java VM: OpenJDK 64-Bit Server VM Temurin-21.0.6+7 (21.0.6+7-LTS, mixed mode, sharing, tiered, compressed oops, compressed class ptrs, g1 gc, windows-amd64)
GC Precious Log:
 CardTable entry size: 512
 Card Set container configuration: InlinePtr #cards 4 size 8 Array Of Cards #cards 16 size 48 Howl #buckets 8 coarsen threshold 3686 Howl Bitmap #cards 512 size 80 coarsen threshold 460 Card regions per heap region 1 cards per card region 4096
 CPUs: 4 total, 4 available
 Memory: 12247M
 Large Page Support: Disabled
 NUMA Support: Disabled
 Compressed Oops: Enabled (Zero based)
 Heap Region Size: 2M
 Heap Min Capacity: 8M
 Heap Initial Capacity: 192M
 Heap Max Capacity: 3062M
 Pre-touch: Disabled
 Parallel Workers: 4
 Concurrent Workers: 1
 Concurrent Refinement Workers: 4
 Periodic GC: Disabled
Heap:
 garbage-first heap   total 55296K, used 34337K [0x0000000740a00000, 0x0000000800000000)
  region size 2048K, 6 young (12288K), 1 survivors (2048K)
 Metaspace       used 60539K, committed 61184K, reserved 1114112K
  class space    used 8147K, committed 8448K, reserved 1048576K
GC Heap History (20 events):
Event: 4.696 GC heap before
{Heap before GC invocations=3 (full 0):
 garbage-first heap   total 196608K, used 66656K [0x0000000740a00000, 0x0000000800000000)
  region size 2048K, 31 young (63488K), 2 survivors (4096K)
 Metaspace       used 21276K, committed 21504K, reserved 1114112K
  class space    used 2552K, committed 2688K, reserved 1048576K
}
Event: 4.706 GC heap after
{Heap after GC invocations=4 (full 0):
 garbage-first heap   total 196608K, used 14781K [0x0000000740a00000, 0x0000000800000000)
  region size 2048K, 5 young (10240K), 5 survivors (10240K)
 Metaspace       used 21276K, committed 21504K, reserved 1114112K
  class space    used 2552K, committed 2688K, reserved 1048576K
}
Event: 5.979 GC heap before
{Heap before GC invocations=5 (full 0):
 garbage-first heap   total 55296K, used 37309K [0x0000000740a00000, 0x0000000800000000)
  region size 2048K, 16 young (32768K), 5 survivors (10240K)
 Metaspace       used 24762K, committed 25152K, reserved 1114112K
  class space    used 3037K, committed 3200K, reserved 1048576K
}
Event: 5.993 GC heap after
{Heap after GC invocations=6 (full 0):
 garbage-first heap   total 55296K, used 17181K [0x0000000740a00000, 0x0000000800000000)
  region size 2048K, 2 young (4096K), 2 survivors (4096K)
 Metaspace       used 24762K, committed 25152K, reserved 1114112K
  class space    used 3037K, committed 3200K, reserved 1048576K
}
Event: 7.790 GC heap before
{Heap before GC invocations=6 (full 0):
 garbage-first heap   total 55296K, used 41757K [0x0000000740a00000, 0x0000000800000000)
  region size 2048K, 14 young (28672K), 2 survivors (4096K)
 Metaspace       used 29887K, committed 30400K, reserved 1114112K
  class space    used 3734K, committed 3968K, reserved 1048576K
}
Event: 7.811 GC heap after
{Heap after GC invocations=7 (full 0):
 garbage-first heap   total 55296K, used 19002K [0x0000000740a00000, 0x0000000800000000)
  region size 2048K, 2 young (4096K), 2 survivors (4096K)
 Metaspace       used 29887K, committed 30400K, reserved 1114112K
  class space    used 3734K, committed 3968K, reserved 1048576K
}
Event: 9.356 GC heap before
{Heap before GC invocations=7 (full 0):
 garbage-first heap   total 55296K, used 41530K [0x0000000740a00000, 0x0000000800000000)
  region size 2048K, 13 young (26624K), 2 survivors (4096K)
 Metaspace       used 34345K, committed 34816K, reserved 1114112K
  class space    used 4335K, committed 4544K, reserved 1048576K
}
Event: 9.368 GC heap after
{Heap after GC invocations=8 (full 0):
 garbage-first heap   total 55296K, used 21204K [0x0000000740a00000, 0x0000000800000000)
  region size 2048K, 1 young (2048K), 1 survivors (2048K)
 Metaspace       used 34345K, committed 34816K, reserved 1114112K
  class space    used 4335K, committed 4544K, reserved 1048576K
}
Event: 9.571 GC heap before
{Heap before GC invocations=8 (full 0):
 garbage-first heap   total 55296K, used 21204K [0x0000000740a00000, 0x0000000800000000)
  region size 2048K, 3 young (6144K), 1 survivors (2048K)
 Metaspace       used 35496K, committed 35968K, reserved 1114112K
  class space    used 4439K, committed 4672K, reserved 1048576K
}
Event: 9.576 GC heap after
{Heap after GC invocations=9 (full 0):
 garbage-first heap   total 55296K, used 21132K [0x0000000740a00000, 0x0000000800000000)
  region size 2048K, 1 young (2048K), 1 survivors (2048K)
 Metaspace       used 35496K, committed 35968K, reserved 1114112K
  class space    used 4439K, committed 4672K, reserved 1048576K
}
Event: 11.512 GC heap before
{Heap before GC invocations=10 (full 0):
 garbage-first heap   total 55296K, used 45708K [0x0000000740a00000, 0x0000000800000000)
  region size 2048K, 13 young (26624K), 1 survivors (2048K)
 Metaspace       used 41218K, committed 41856K, reserved 1114112K
  class space    used 5242K, committed 5504K, reserved 1048576K
}
Event: 11.521 GC heap after
{Heap after GC invocations=11 (full 0):
 garbage-first heap   total 55296K, used 23090K [0x0000000740a00000, 0x0000000800000000)
  region size 2048K, 2 young (4096K), 2 survivors (4096K)
 Metaspace       used 41218K, committed 41856K, reserved 1114112K
  class space    used 5242K, committed 5504K, reserved 1048576K
}
Event: 13.558 GC heap before
{Heap before GC invocations=11 (full 0):
 garbage-first heap   total 55296K, used 43570K [0x0000000740a00000, 0x0000000800000000)
  region size 2048K, 13 young (26624K), 2 survivors (4096K)
 Metaspace       used 47190K, committed 47808K, reserved 1114112K
  class space    used 6125K, committed 6400K, reserved 1048576K
}
Event: 13.573 GC heap after
{Heap after GC invocations=12 (full 0):
 garbage-first heap   total 55296K, used 23579K [0x0000000740a00000, 0x0000000800000000)
  region size 2048K, 2 young (4096K), 2 survivors (4096K)
 Metaspace       used 47190K, committed 47808K, reserved 1114112K
  class space    used 6125K, committed 6400K, reserved 1048576K
}
Event: 14.482 GC heap before
{Heap before GC invocations=12 (full 0):
 garbage-first heap   total 55296K, used 46107K [0x0000000740a00000, 0x0000000800000000)
  region size 2048K, 13 young (26624K), 2 survivors (4096K)
 Metaspace       used 54578K, committed 55168K, reserved 1114112K
  class space    used 7293K, committed 7552K, reserved 1048576K
}
Event: 14.490 GC heap after
{Heap after GC invocations=13 (full 0):
 garbage-first heap   total 55296K, used 24896K [0x0000000740a00000, 0x0000000800000000)
  region size 2048K, 2 young (4096K), 2 survivors (4096K)
 Metaspace       used 54578K, committed 55168K, reserved 1114112K
  class space    used 7293K, committed 7552K, reserved 1048576K
}
Event: 15.312 GC heap before
{Heap before GC invocations=13 (full 0):
 garbage-first heap   total 55296K, used 45376K [0x0000000740a00000, 0x0000000800000000)
  region size 2048K, 12 young (24576K), 2 survivors (4096K)
 Metaspace       used 58994K, committed 59648K, reserved 1114112K
  class space    used 7913K, committed 8192K, reserved 1048576K
}
Event: 15.320 GC heap after
{Heap after GC invocations=14 (full 0):
 garbage-first heap   total 55296K, used 26105K [0x0000000740a00000, 0x0000000800000000)
  region size 2048K, 2 young (4096K), 2 survivors (4096K)
 Metaspace       used 58994K, committed 59648K, reserved 1114112K
  class space    used 7913K, committed 8192K, reserved 1048576K
}
Event: 15.411 GC heap before
{Heap before GC invocations=14 (full 0):
 garbage-first heap   total 55296K, used 28153K [0x0000000740a00000, 0x0000000800000000)
  region size 2048K, 4 young (8192K), 2 survivors (4096K)
 Metaspace       used 59957K, committed 60608K, reserved 1114112K
  class space    used 8001K, committed 8320K, reserved 1048576K
}
Event: 15.417 GC heap after
{Heap after GC invocations=15 (full 0):
 garbage-first heap   total 55296K, used 26145K [0x0000000740a00000, 0x0000000800000000)
  region size 2048K, 1 young (2048K), 1 survivors (2048K)
 Metaspace       used 59957K, committed 60608K, reserved 1114112K
  class space    used 8001K, committed 8320K, reserved 1048576K
}

